<?xml version="1.0" encoding="UTF-8"?>
<!-- Generated by org.testng.reporters.JUnitReportReporter -->
<testsuite skipped="0" hostname="LAPTOP-6JMK0K9K" name="qaclickacademy.mavenjava.Sample_Test" tests="3" failures="0" timestamp="2022-08-17T12:34:12 IST" time="0.015" errors="0">
  <testcase name="second_sample" time="0.000" classname="qaclickacademy.mavenjava.Sample_Test"/>
  <system-out/>
  <testcase name="sample" time="0.015" classname="qaclickacademy.mavenjava.Sample_Test"/>
  <system-out/>
  <testcase name="third_sample" time="0.000" classname="qaclickacademy.mavenjava.Sample_Test"/>
  <system-out/>
</testsuite> <!-- qaclickacademy.mavenjava.Sample_Test -->
